[2024-03-01T07:36:33.199Z][QUERY]: SELECT * FROM current_schema()
[2024-03-01T07:36:33.213Z][INFO]: No classes were found using the provided glob pattern:  "/Users/ely/Desktop/everbyte/dist/apps/everbyte/database/migrations/migrations/*{.ts,.js}"
[2024-03-01T07:36:33.214Z][QUERY]: CREATE EXTENSION IF NOT EXISTS "pgcrypto"
[2024-03-01T07:36:33.234Z][QUERY]: SELECT version();
[2024-03-01T07:36:33.236Z][QUERY]: SELECT * FROM "information_schema"."tables" WHERE "table_schema" = 'public' AND "table_name" = 'migrations'
[2024-03-01T07:36:33.241Z][QUERY]: CREATE TABLE "migrations" ("id" SERIAL NOT NULL, "timestamp" bigint NOT NULL, "name" character varying NOT NULL, CONSTRAINT "PK_8c82d7f526340ab734260ea46be" PRIMARY KEY ("id"))
[2024-03-01T07:36:33.248Z][QUERY]: SELECT * FROM "migrations" "migrations" ORDER BY "id" DESC
[2024-03-01T07:36:33.249Z]No migrations are pending
[2024-03-01T07:38:11.375Z][QUERY]: SELECT * FROM current_schema()
[2024-03-01T07:38:11.388Z][INFO]: No classes were found using the provided glob pattern:  "/Users/ely/Desktop/everbyte/dist/apps/everbyte/database/migrations/migrations/*{.ts,.js}"
[2024-03-01T07:38:11.389Z][QUERY]: CREATE EXTENSION IF NOT EXISTS "pgcrypto"
[2024-03-01T07:38:11.391Z][QUERY]: SELECT version();
[2024-03-01T07:38:11.393Z][QUERY]: SELECT * FROM "information_schema"."tables" WHERE "table_schema" = 'public' AND "table_name" = 'migrations'
[2024-03-01T07:38:11.407Z][QUERY]: SELECT * FROM "migrations" "migrations" ORDER BY "id" DESC
[2024-03-01T07:38:11.409Z]No migrations are pending
[2024-03-01T07:39:04.946Z][QUERY]: SELECT * FROM current_schema()
[2024-03-01T07:39:04.959Z][INFO]: No classes were found using the provided glob pattern:  "/Users/ely/Desktop/everbyte/dist/apps/everbyte/database/migrations/migrations/*{.ts,.js}"
[2024-03-01T07:39:04.960Z][QUERY]: CREATE EXTENSION IF NOT EXISTS "pgcrypto"
[2024-03-01T07:39:04.963Z][QUERY]: SELECT version();
[2024-03-01T07:39:04.964Z][QUERY]: SELECT * FROM "information_schema"."tables" WHERE "table_schema" = 'public' AND "table_name" = 'migrations'
[2024-03-01T07:39:04.979Z][QUERY]: SELECT * FROM "migrations" "migrations" ORDER BY "id" DESC
[2024-03-01T07:39:04.982Z]No migrations are pending
